2025-12-27 23:14:28 [INFO]: Login attempt for email: admin@company.com
2025-12-27 23:14:29 [INFO]: User logged in: admin@company.com
2025-12-27 23:30:34 [INFO]: Initializing USB fingerprint scanner...
2025-12-27 23:30:34 [INFO]: USB fingerprint scanner initialized successfully
2025-12-27 23:30:34 [INFO]: Serving frontend from: C:\time-attendance-system\frontend\dist
2025-12-27 23:30:34 [INFO]: Database connected
2025-12-27 23:30:34 [INFO]: Default data initialization complete
2025-12-27 23:30:34 [INFO]: Starting server on port 5000...
2025-12-27 23:30:34 [INFO]: About to call httpServer.listen on port 5000
2025-12-27 23:30:34 [INFO]: httpServer.listen callback invoked!
2025-12-27 23:30:34 [INFO]: Server listening on http://localhost:5000
2025-12-27 23:37:53 [INFO]: Initializing USB fingerprint scanner...
2025-12-27 23:37:53 [INFO]: USB fingerprint scanner initialized successfully
2025-12-27 23:37:53 [INFO]: Serving frontend from: C:\time-attendance-system\frontend\dist
2025-12-27 23:37:53 [INFO]: Database connected
2025-12-27 23:37:53 [INFO]: Default data initialization complete
2025-12-27 23:37:53 [INFO]: Starting server on port 5000...
2025-12-27 23:37:53 [INFO]: About to call httpServer.listen on port 5000
2025-12-27 23:37:53 [INFO]: httpServer.listen callback invoked!
2025-12-27 23:37:53 [INFO]: Server listening on http://localhost:5000
2025-12-27 23:50:44 [INFO]: Initializing USB fingerprint scanner...
2025-12-27 23:50:44 [INFO]: USB fingerprint scanner initialized successfully
2025-12-27 23:50:44 [INFO]: Serving frontend from: C:\time-attendance-system\frontend\dist
2025-12-27 23:50:44 [INFO]: Database connected
2025-12-27 23:50:44 [INFO]: Default data initialization complete
2025-12-27 23:50:44 [INFO]: Starting server on port 5000...
2025-12-27 23:50:44 [INFO]: About to call httpServer.listen on port 5000
2025-12-27 23:50:44 [INFO]: httpServer.listen callback invoked!
2025-12-27 23:50:44 [INFO]: Server listening on http://localhost:5000
