2025-12-23 00:44:25 [INFO]: Serving frontend from: C:\time-attendance-system\frontend\dist
2025-12-23 00:44:26 [INFO]: Database connected
2025-12-23 00:44:26 [INFO]: Default data initialization complete
2025-12-23 00:44:26 [INFO]: Starting server on port 5000...
2025-12-23 00:44:26 [INFO]: Server listening on http://localhost:5000
2025-12-23 23:29:30 [INFO]: Serving frontend from: C:\time-attendance-system\frontend\dist
2025-12-23 23:29:30 [INFO]: Database connected
2025-12-23 23:29:30 [INFO]: Default data initialization complete
2025-12-23 23:29:30 [INFO]: Starting server on port 5000...
2025-12-23 23:29:30 [INFO]: Server listening on http://localhost:5000
2025-12-23 23:30:26 [INFO]: Serving frontend from: C:\time-attendance-system\frontend\dist
2025-12-23 23:30:26 [INFO]: Database connected
2025-12-23 23:30:26 [INFO]: Default data initialization complete
2025-12-23 23:30:26 [INFO]: Starting server on port 5000...
2025-12-23 23:30:26 [INFO]: Server listening on http://localhost:5000
2025-12-23 23:32:13 [INFO]: Serving frontend from: C:\time-attendance-system\frontend\dist
2025-12-23 23:32:14 [INFO]: Database connected
2025-12-23 23:32:14 [INFO]: Default data initialization complete
2025-12-23 23:32:14 [INFO]: Starting server on port 5000...
2025-12-23 23:32:14 [INFO]: Server listening on http://localhost:5000
2025-12-23 23:32:20 [INFO]: Serving frontend from: C:\time-attendance-system\frontend\dist
2025-12-23 23:32:20 [INFO]: Database connected
2025-12-23 23:32:20 [INFO]: Default data initialization complete
2025-12-23 23:32:20 [INFO]: Starting server on port 5000...
2025-12-23 23:32:20 [INFO]: Server listening on http://localhost:5000
2025-12-23 23:38:49 [INFO]: Serving frontend from: C:\time-attendance-system\frontend\dist
2025-12-23 23:38:49 [INFO]: Database connected
2025-12-23 23:38:49 [INFO]: Default data initialization complete
2025-12-23 23:38:49 [INFO]: Starting server on port 5000...
2025-12-23 23:38:49 [INFO]: Server listening on http://localhost:5000
