2025-12-07 01:46:29 [ERROR]: Failed to connect to Admin Terminal: undefined
2025-12-07 01:47:17 [ERROR]: Failed to connect to Admin Terminal: undefined
2025-12-07 01:47:21 [ERROR]: Failed to connect to Admin Terminal: undefined
2025-12-07 01:51:06 [ERROR]: Failed to sync employee Bowofoluwa: undefined
2025-12-07 01:51:06 [ERROR]: Failed to sync Bowofoluwa
2025-12-07 01:52:58 [ERROR]: Error: Leave request not found
    at <anonymous> (C:\time-attendance-system\backend\src\routes\leaves.ts:115:11)
2025-12-07 01:52:59 [ERROR]: Error: Leave request not found
    at <anonymous> (C:\time-attendance-system\backend\src\routes\leaves.ts:115:11)
2025-12-07 02:05:55 [ERROR]: Failed to get attendance: undefined
2025-12-07 02:05:55 [ERROR]: Unhandled Rejection at:
2025-12-07 02:05:55 [ERROR]: Failed to pull attendance: undefined
2025-12-07 02:05:58 [ERROR]: Failed to get attendance: undefined
2025-12-07 02:05:58 [ERROR]: Failed to pull attendance: undefined
2025-12-07 02:05:58 [ERROR]: Unhandled Rejection at:
2025-12-07 02:20:40 [ERROR]: Fingerprint enrollment failed: Terminal not found
2025-12-07 02:21:53 [ERROR]: Error: Leave request not found
    at <anonymous> (C:\time-attendance-system\backend\src\routes\leaves.ts:115:11)
2025-12-07 02:21:55 [ERROR]: Error: Leave request not found
    at <anonymous> (C:\time-attendance-system\backend\src\routes\leaves.ts:115:11)
2025-12-07 02:23:24 [ERROR]: Error: Leave request not found
    at <anonymous> (C:\time-attendance-system\backend\src\routes\leaves.ts:115:11)
2025-12-07 02:23:25 [ERROR]: Error: Leave request not found
    at <anonymous> (C:\time-attendance-system\backend\src\routes\leaves.ts:115:11)
2025-12-07 02:26:19 [ERROR]: Error: Leave request not found
    at <anonymous> (C:\time-attendance-system\backend\src\routes\leaves.ts:115:11)
2025-12-07 02:26:20 [ERROR]: Error: Leave request not found
    at <anonymous> (C:\time-attendance-system\backend\src\routes\leaves.ts:115:11)
2025-12-07 02:35:43 [ERROR]: Error: Leave request not found
    at <anonymous> (C:\time-attendance-system\backend\src\routes\leaves.ts:115:11)
2025-12-07 02:35:44 [ERROR]: Error: Leave request not found
    at <anonymous> (C:\time-attendance-system\backend\src\routes\leaves.ts:115:11)
2025-12-07 02:39:10 [ERROR]: Error: Leave request not found
    at <anonymous> (C:\time-attendance-system\backend\src\routes\leaves.ts:115:11)
2025-12-07 02:39:11 [ERROR]: Error: Leave request not found
    at <anonymous> (C:\time-attendance-system\backend\src\routes\leaves.ts:115:11)
2025-12-07 02:48:26 [ERROR]: Error: Leave request not found
    at <anonymous> (C:\time-attendance-system\backend\src\routes\leaves.ts:115:11)
2025-12-07 02:48:27 [ERROR]: Error: Leave request not found
    at <anonymous> (C:\time-attendance-system\backend\src\routes\leaves.ts:115:11)
2025-12-07 03:04:14 [ERROR]: Error: Leave request not found
    at <anonymous> (C:\time-attendance-system\backend\src\routes\leaves.ts:115:11)
2025-12-07 03:04:15 [ERROR]: Error: Leave request not found
    at <anonymous> (C:\time-attendance-system\backend\src\routes\leaves.ts:115:11)
2025-12-07 03:05:40 [ERROR]: Error: Leave request not found
    at <anonymous> (C:\time-attendance-system\backend\src\routes\leaves.ts:115:11)
2025-12-07 03:05:41 [ERROR]: Error: Leave request not found
    at <anonymous> (C:\time-attendance-system\backend\src\routes\leaves.ts:115:11)
2025-12-07 03:06:51 [ERROR]: Error: Leave request not found
    at <anonymous> (C:\time-attendance-system\backend\src\routes\leaves.ts:115:11)
2025-12-07 03:06:52 [ERROR]: Error: Leave request not found
    at <anonymous> (C:\time-attendance-system\backend\src\routes\leaves.ts:115:11)
