2025-12-08 23:25:51 [ERROR]: ZodError: [
  {
    "code": "too_small",
    "minimum": 1,
    "type": "string",
    "inclusive": true,
    "exact": false,
    "message": "String must contain at least 1 character(s)",
    "path": [
      "name"
    ]
  }
]
    at get error (C:\time-attendance-system\backend\node_modules\zod\v3\types.cjs:45:31)
    at ZodObject.parse (C:\time-attendance-system\backend\node_modules\zod\v3\types.cjs:120:22)
    at <anonymous> (C:\time-attendance-system\backend\src\routes\departments.ts:82:33)
    at <anonymous> (C:\time-attendance-system\backend\src\middleware\errorHandler.ts:73:21)
    at Layer.handle [as handle_request] (C:\time-attendance-system\backend\node_modules\express\lib\router\layer.js:95:5)
    at next (C:\time-attendance-system\backend\node_modules\express\lib\router\route.js:149:13)
    at <anonymous> (C:\time-attendance-system\backend\src\middleware\auth.ts:74:14)
    at Layer.handle [as handle_request] (C:\time-attendance-system\backend\node_modules\express\lib\router\layer.js:95:5)
    at next (C:\time-attendance-system\backend\node_modules\express\lib\router\route.js:149:13)
    at Route.dispatch (C:\time-attendance-system\backend\node_modules\express\lib\router\route.js:119:3)
2025-12-08 23:42:14 [ERROR]: Failed to sync employee 1019: ZKTeco library not initialized. Install with: npm install zkteco-js
2025-12-08 23:42:14 [ERROR]: Failed to sync 1019
2025-12-08 23:42:14 [ERROR]: Failed to sync employee 1011: ZKTeco library not initialized. Install with: npm install zkteco-js
2025-12-08 23:42:14 [ERROR]: Failed to sync 1011
2025-12-08 23:42:14 [ERROR]: Failed to sync employee Bowofoluwa: ZKTeco library not initialized. Install with: npm install zkteco-js
2025-12-08 23:42:14 [ERROR]: Failed to sync Bowofoluwa
2025-12-08 23:42:14 [ERROR]: Failed to sync employee 1099: ZKTeco library not initialized. Install with: npm install zkteco-js
2025-12-08 23:42:14 [ERROR]: Failed to sync 1099
